Determining if the pthread_create exist failed with the following output:
Change Dir: /home/clim/Desktop/Clim's Files/Programming/cpp/libreEngine/bin/CMakeFiles/CMakeTmp

Run Build Command:"/usr/bin/make" "cmTryCompileExec496529702/fast"
/usr/bin/make -f CMakeFiles/cmTryCompileExec496529702.dir/build.make CMakeFiles/cmTryCompileExec496529702.dir/build
make[1]: Entering directory '/home/clim/Desktop/Clim's Files/Programming/cpp/libreEngine/bin/CMakeFiles/CMakeTmp'
/usr/bin/cmake -E cmake_progress_report "/home/clim/Desktop/Clim's Files/Programming/cpp/libreEngine/bin/CMakeFiles/CMakeTmp/CMakeFiles" 1
Building C object CMakeFiles/cmTryCompileExec496529702.dir/CheckSymbolExists.c.o
/usr/bin/cc    -o CMakeFiles/cmTryCompileExec496529702.dir/CheckSymbolExists.c.o   -c "/home/clim/Desktop/Clim's Files/Programming/cpp/libreEngine/bin/CMakeFiles/CMakeTmp/CheckSymbolExists.c"
Linking C executable cmTryCompileExec496529702
/usr/bin/cmake -E cmake_link_script CMakeFiles/cmTryCompileExec496529702.dir/link.txt --verbose=1
/usr/bin/cc       CMakeFiles/cmTryCompileExec496529702.dir/CheckSymbolExists.c.o  -o cmTryCompileExec496529702 -rdynamic 
CMakeFiles/cmTryCompileExec496529702.dir/CheckSymbolExists.c.o: In function `main':
CheckSymbolExists.c:(.text+0x16): undefined reference to `pthread_create'
collect2: error: ld returned 1 exit status
CMakeFiles/cmTryCompileExec496529702.dir/build.make:88: recipe for target 'cmTryCompileExec496529702' failed
make[1]: Leaving directory '/home/clim/Desktop/Clim's Files/Programming/cpp/libreEngine/bin/CMakeFiles/CMakeTmp'
Makefile:118: recipe for target 'cmTryCompileExec496529702/fast' failed
make[1]: *** [cmTryCompileExec496529702] Error 1
make: *** [cmTryCompileExec496529702/fast] Error 2

File /home/clim/Desktop/Clim's Files/Programming/cpp/libreEngine/bin/CMakeFiles/CMakeTmp/CheckSymbolExists.c:
/* */
#include <pthread.h>

int main(int argc, char** argv)
{
  (void)argv;
#ifndef pthread_create
  return ((int*)(&pthread_create))[argc];
#else
  (void)argc;
  return 0;
#endif
}

Determining if the function pthread_create exists in the pthreads failed with the following output:
Change Dir: /home/clim/Desktop/Clim's Files/Programming/cpp/libreEngine/bin/CMakeFiles/CMakeTmp

Run Build Command:"/usr/bin/make" "cmTryCompileExec291489009/fast"
/usr/bin/make -f CMakeFiles/cmTryCompileExec291489009.dir/build.make CMakeFiles/cmTryCompileExec291489009.dir/build
make[1]: Entering directory '/home/clim/Desktop/Clim's Files/Programming/cpp/libreEngine/bin/CMakeFiles/CMakeTmp'
/usr/bin/cmake -E cmake_progress_report "/home/clim/Desktop/Clim's Files/Programming/cpp/libreEngine/bin/CMakeFiles/CMakeTmp/CMakeFiles" 1
Building C object CMakeFiles/cmTryCompileExec291489009.dir/CheckFunctionExists.c.o
/usr/bin/cc   -DCHECK_FUNCTION_EXISTS=pthread_create   -o CMakeFiles/cmTryCompileExec291489009.dir/CheckFunctionExists.c.o   -c /usr/share/cmake-3.0/Modules/CheckFunctionExists.c
Linking C executable cmTryCompileExec291489009
/usr/bin/cmake -E cmake_link_script CMakeFiles/cmTryCompileExec291489009.dir/link.txt --verbose=1
/usr/bin/cc   -DCHECK_FUNCTION_EXISTS=pthread_create    CMakeFiles/cmTryCompileExec291489009.dir/CheckFunctionExists.c.o  -o cmTryCompileExec291489009 -rdynamic -lpthreads 
/usr/bin/ld: cannot find -lpthreads
collect2: error: ld returned 1 exit status
CMakeFiles/cmTryCompileExec291489009.dir/build.make:88: recipe for target 'cmTryCompileExec291489009' failed
make[1]: Leaving directory '/home/clim/Desktop/Clim's Files/Programming/cpp/libreEngine/bin/CMakeFiles/CMakeTmp'
make[1]: *** [cmTryCompileExec291489009] Error 1
Makefile:118: recipe for target 'cmTryCompileExec291489009/fast' failed
make: *** [cmTryCompileExec291489009/fast] Error 2


